<?xml version="1.0" encoding="UTF-8" ?>
<testsuite tests="17" failures="0" name="CalculatorTest" time="0.016" errors="0" skipped="0">
  <properties>
    <property name="java.runtime.name" value="Java(TM) SE Runtime Environment"/>
    <property name="sun.boot.library.path" value="C:\Program Files\Java\jdk1.8.0_201\jre\bin"/>
    <property name="java.vm.version" value="25.201-b09"/>
    <property name="java.vm.vendor" value="Oracle Corporation"/>
    <property name="maven.multiModuleProjectDirectory" value="C:\Users\Martin Bartolo\OneDrive\University\Year 2\Semester 2\Software Engineering\Assignment\CPS2002_MartinMikhail"/>
    <property name="java.vendor.url" value="http://java.oracle.com/"/>
    <property name="path.separator" value=";"/>
    <property name="guice.disable.misplaced.annotation.check" value="true"/>
    <property name="java.vm.name" value="Java HotSpot(TM) 64-Bit Server VM"/>
    <property name="file.encoding.pkg" value="sun.io"/>
    <property name="user.script" value=""/>
    <property name="user.country" value="US"/>
    <property name="sun.java.launcher" value="SUN_STANDARD"/>
    <property name="sun.os.patch.level" value=""/>
    <property name="java.vm.specification.name" value="Java Virtual Machine Specification"/>
    <property name="user.dir" value="C:\Users\Martin Bartolo\OneDrive\University\Year 2\Semester 2\Software Engineering\Assignment\CPS2002_MartinMikhail"/>
    <property name="java.runtime.version" value="1.8.0_201-b09"/>
    <property name="java.awt.graphicsenv" value="sun.awt.Win32GraphicsEnvironment"/>
    <property name="java.endorsed.dirs" value="C:\Program Files\Java\jdk1.8.0_201\jre\lib\endorsed"/>
    <property name="os.arch" value="amd64"/>
    <property name="java.io.tmpdir" value="C:\Users\MARTIN~1\AppData\Local\Temp\"/>
    <property name="line.separator" value="
"/>
    <property name="java.vm.specification.vendor" value="Oracle Corporation"/>
    <property name="user.variant" value=""/>
    <property name="os.name" value="Windows 10"/>
    <property name="classworlds.conf" value="C:\Users\Martin Bartolo\AppData\Local\JetBrains\Toolbox\apps\IDEA-C\ch-0\191.6183.87\plugins\maven\lib\maven3\bin\m2.conf"/>
    <property name="sun.jnu.encoding" value="Cp1252"/>
    <property name="java.library.path" value="C:\Program Files\Java\jdk1.8.0_201\bin;C:\WINDOWS\Sun\Java\bin;C:\WINDOWS\system32;C:\WINDOWS;C:\Program Files (x86)\Common Files\Oracle\Java\javapath;C:\Program Files (x86)\Cuminas\Document Express DjVu Plug-in\;C:\ProgramData\Oracle\Java\javapath;C:\Program Files (x86)\Intel\iCLS Client\;C:\Program Files\Intel\iCLS Client\;C:\Windows\system32;C:\Windows;C:\Windows\System32\Wbem;C:\Windows\System32\WindowsPowerShell\v1.0\;C:\Program Files (x86)\NVIDIA Corporation\PhysX\Common;C:\Program Files (x86)\Intel\Intel(R) Management Engine Components\DAL;C:\Program Files\Intel\Intel(R) Management Engine Components\DAL;C:\Program Files (x86)\Intel\Intel(R) Management Engine Components\IPT;C:\Program Files\Intel\Intel(R) Management Engine Components\IPT;C:\Program Files\Intel\WiFi\bin\;C:\Program Files\Common Files\Intel\WirelessCommon\;C:\WINDOWS\system32;C:\WINDOWS;C:\WINDOWS\System32\Wbem;C:\WINDOWS\System32\WindowsPowerShell\v1.0\;C:\WINDOWS\System32\OpenSSH\;C:\Program Files (x86)\Wolfram Research\WolframScript\;C:\Program Files\MiKTeX 2.9\miktex\bin\x64\;C:\Program Files\NVIDIA Corporation\NVIDIA NvDLISR;C:\Program Files\Git\cmd;C:\Users\Martin Bartolo\AppData\Local\JetBrains\Toolbox\apps\IDEA-C\ch-0\191.6183.87\plugins\maven\lib\maven3\bin;C:\Users\Martin Bartolo\AppData\Local\Microsoft\WindowsApps;%USERPROFILE%\AppData\Local\Microsoft\WindowsApps;."/>
    <property name="java.specification.name" value="Java Platform API Specification"/>
    <property name="java.class.version" value="52.0"/>
    <property name="sun.management.compiler" value="HotSpot 64-Bit Tiered Compilers"/>
    <property name="os.version" value="10.0"/>
    <property name="user.home" value="C:\Users\Martin Bartolo"/>
    <property name="user.timezone" value="Europe/Berlin"/>
    <property name="java.awt.printerjob" value="sun.awt.windows.WPrinterJob"/>
    <property name="java.specification.version" value="1.8"/>
    <property name="file.encoding" value="Cp1252"/>
    <property name="user.name" value="Martin B"/>
    <property name="java.class.path" value="C:\Users\Martin Bartolo\AppData\Local\JetBrains\Toolbox\apps\IDEA-C\ch-0\191.6183.87\plugins\maven\lib\maven3\boot\plexus-classworlds-2.5.2.jar"/>
    <property name="java.vm.specification.version" value="1.8"/>
    <property name="sun.arch.data.model" value="64"/>
    <property name="java.home" value="C:\Program Files\Java\jdk1.8.0_201\jre"/>
    <property name="sun.java.command" value="org.codehaus.plexus.classworlds.launcher.Launcher test"/>
    <property name="java.specification.vendor" value="Oracle Corporation"/>
    <property name="user.language" value="en"/>
    <property name="awt.toolkit" value="sun.awt.windows.WToolkit"/>
    <property name="java.vm.info" value="mixed mode"/>
    <property name="java.version" value="1.8.0_201"/>
    <property name="java.ext.dirs" value="C:\Program Files\Java\jdk1.8.0_201\jre\lib\ext;C:\WINDOWS\Sun\Java\lib\ext"/>
    <property name="sun.boot.class.path" value="C:\Program Files\Java\jdk1.8.0_201\jre\lib\resources.jar;C:\Program Files\Java\jdk1.8.0_201\jre\lib\rt.jar;C:\Program Files\Java\jdk1.8.0_201\jre\lib\sunrsasign.jar;C:\Program Files\Java\jdk1.8.0_201\jre\lib\jsse.jar;C:\Program Files\Java\jdk1.8.0_201\jre\lib\jce.jar;C:\Program Files\Java\jdk1.8.0_201\jre\lib\charsets.jar;C:\Program Files\Java\jdk1.8.0_201\jre\lib\jfr.jar;C:\Program Files\Java\jdk1.8.0_201\jre\classes"/>
    <property name="sun.stderr.encoding" value="cp437"/>
    <property name="java.vendor" value="Oracle Corporation"/>
    <property name="maven.home" value="C:\Users\Martin Bartolo\AppData\Local\JetBrains\Toolbox\apps\IDEA-C\ch-0\191.6183.87\plugins\maven\lib\maven3"/>
    <property name="file.separator" value="\"/>
    <property name="java.vendor.url.bug" value="http://bugreport.sun.com/bugreport/"/>
    <property name="sun.cpu.endian" value="little"/>
    <property name="sun.io.unicode.encoding" value="UnicodeLittle"/>
    <property name="sun.stdout.encoding" value="cp437"/>
    <property name="sun.desktop" value="windows"/>
    <property name="sun.cpu.isalist" value="amd64"/>
  </properties>
  <testcase classname="CalculatorTest" name="TestSubtract_testNegativeAndZero_shouldBeSubtracting" time="0.011"/>
  <testcase classname="CalculatorTest" name="TestMultiply_multiplyWithZero_shouldBeMultiplying" time="0"/>
  <testcase classname="CalculatorTest" name="TestMultiply_testNegativeAndPositiveNumber_shouldBeMultiplying" time="0"/>
  <testcase classname="CalculatorTest" name="TestMultiply_testTwoNegativeNumbers_shouldBeMultiplying" time="0"/>
  <testcase classname="CalculatorTest" name="TestSubtract_testTwoNegativeNumbers_shouldBeSubtracting" time="0.001"/>
  <testcase classname="CalculatorTest" name="TestAdd_testTwoPositiveNumbers_shouldBeAdding" time="0"/>
  <testcase classname="CalculatorTest" name="TestSubtract_testPositiveAndZero_shouldBeSubtracting" time="0.001"/>
  <testcase classname="CalculatorTest" name="TestAdd_testPositiveAndNegative_shouldBeAdding" time="0"/>
  <testcase classname="CalculatorTest" name="TestSubtract_TwoZeros_shouldBeSubtracting" time="0.001"/>
  <testcase classname="CalculatorTest" name="TestAdd_TwoZeros_shouldBeAdding" time="0"/>
  <testcase classname="CalculatorTest" name="TestAdd_testPositiveAndZero_shouldBeAdding" time="0"/>
  <testcase classname="CalculatorTest" name="TestSubtract_testPositiveAndNegative_shouldBeSubtracting" time="0.001"/>
  <testcase classname="CalculatorTest" name="TestMultiply_testTwoPositiveNumbers_shouldBeMultiplying" time="0"/>
  <testcase classname="CalculatorTest" name="TestAdd_testTwoNegativeNumbers_shouldBeAdding" time="0.001"/>
  <testcase classname="CalculatorTest" name="TestMultiply_testTwoZeroValues_shouldBeMultiplying" time="0"/>
  <testcase classname="CalculatorTest" name="TestSubtract_testTwoPositiveNumbers_shouldBeSubtracting" time="0"/>
  <testcase classname="CalculatorTest" name="TestAdd_testNegativeAndZero_shouldBeAdding" time="0"/>
</testsuite>